#
# There is insufficient memory for the Java Runtime Environment to continue.
# Native memory allocation (mmap) failed to map 266338304 bytes for G1 virtual space
# Possible reasons:
#   The system is out of physical RAM or swap space
#   The process is running with CompressedOops enabled, and the Java Heap may be blocking the growth of the native heap
# Possible solutions:
#   Reduce memory load on the system
#   Increase physical memory or swap space
#   Check if swap backing store is full
#   Decrease Java heap size (-Xmx/-Xms)
#   Decrease number of Java threads
#   Decrease Java thread stack sizes (-Xss)
#   Set larger code cache with -XX:ReservedCodeCacheSize=
#   JVM is running with Zero Based Compressed Oops mode in which the Java heap is
#     placed in the first 32GB address space. The Java Heap base address is the
#     maximum limit for the native heap growth. Please use -XX:HeapBaseMinAddress
#     to set the Java Heap base and to place the Java Heap above 32GB virtual address.
# This output file may be truncated or incomplete.
#
#  Out of Memory Error (./open/src/hotspot/os/windows/os_windows.cpp:3472), pid=15012, tid=17844
#
# JRE version:  (15.0.1+9) (build )
# Java VM: Java HotSpot(TM) 64-Bit Server VM (15.0.1+9-18, mixed mode, sharing, tiered, compressed oops, g1 gc, windows-amd64)
# No core dump will be written. Minidumps are not enabled by default on client versions of Windows
#

---------------  S U M M A R Y ------------

Command Line: org.jetbrains.kotlin.cli.jvm.K2JVMCompiler @C:\Users\victor\workspace\react-native\tasks\node_modules\react-native-screens\android\build\20210925_14975738058456023657.compiler.options

Host: Intel(R) Core(TM) i7-10510U CPU @ 1.80GHz, 8 cores, 15G,  Windows 10 , 64 bit Build 19041 (10.0.19041.1202)
Time: Sat Sep 25 18:08:40 2021 Hora oficial do Brasil elapsed time: 0.019164 seconds (0d 0h 0m 0s)

---------------  T H R E A D  ---------------

Current thread (0x000002558f774b60):  JavaThread "Unknown thread" [_thread_in_vm, id=17844, stack(0x000000eeb0b00000,0x000000eeb0c00000)]

Stack: [0x000000eeb0b00000,0x000000eeb0c00000]
Native frames: (J=compiled Java code, j=interpreted, Vv=VM code, C=native code)
V  [jvm.dll+0x62ae9a]
V  [jvm.dll+0x781389]
V  [jvm.dll+0x782ae3]
V  [jvm.dll+0x783143]
V  [jvm.dll+0x216265]
V  [jvm.dll+0x6281d9]
V  [jvm.dll+0x61cd15]
V  [jvm.dll+0x2d01fd]
V  [jvm.dll+0x2d0062]
V  [jvm.dll+0x2d603c]
V  [jvm.dll+0x325b2a]
V  [jvm.dll+0x3251f4]
V  [jvm.dll+0x2a717a]
V  [jvm.dll+0x2a8318]
V  [jvm.dll+0x75e101]
V  [jvm.dll+0x3343e4]
V  [jvm.dll+0x73e826]
V  [jvm.dll+0x3b7777]
V  [jvm.dll+0x3b9201]
C  [jli.dll+0x52fb]
C  [ucrtbase.dll+0x21bb2]
C  [KERNEL32.DLL+0x17034]
C  [ntdll.dll+0x52651]


---------------  P R O C E S S  ---------------

Threads class SMR info:
_java_thread_list=0x00007ffded924ff0, length=0, elements={
}

Java Threads: ( => current thread )

Other Threads:
  0x000002558f7c4f40 GCTaskThread "GC Thread#0" [stack: 0x000000eeb0c00000,0x000000eeb0d00000] [id=12660]
  0x000002558f7d5d50 ConcurrentGCThread "G1 Main Marker" [stack: 0x000000eeb0d00000,0x000000eeb0e00000] [id=1160]
  0x000002558f7d70e0 ConcurrentGCThread "G1 Conc#0" [stack: 0x000000eeb0e00000,0x000000eeb0f00000] [id=15604]

[error occurred during error reporting (printing all threads), id 0xc0000005, EXCEPTION_ACCESS_VIOLATION (0xc0000005) at pc=0x00007ffded118047]

VM state: not at safepoint (not fully initialized)

VM Mutex/Monitor currently owned by a thread:  ([mutex/lock_event])
[0x000002558f7715d0] Heap_lock - owner thread: 0x000002558f774b60

Heap address: 0x0000000703400000, size: 4044 MB, Compressed Oops mode: Zero based, Oop shift amount: 3
CDS archive(s) mapped at: [0x0000000000000000-0x0000000000000000-0x0000000000000000), size 0, SharedBaseAddress: 0x0000000800000000, ArchiveRelocationMode: 0.
Narrow klass base: 0x0000000000000000, Narrow klass shift: 0, Narrow klass range: 0x0

Heap:
 garbage-first heap   total 260096K, used 0K [0x0000000703400000, 0x0000000800000000)
  region size 2048K, 0 young (0K), 0 survivors (0K)
 Metaspace       used 0K, capacity 0K, committed 0K, reserved 0K
  class space    used 0K, capacity 0K, committed 0K, reserved 0K

Heap Regions: E=young(eden), S=young(survivor), O=old, HS=humongous(starts), HC=humongous(continues), CS=collection set, F=free, OA=open archive, CA=closed archive, TAMS=top-at-mark-start (previous, next)

Card table byte_map: [0x00000255a74d0000,0x00000255a7cc0000] _byte_map_base: 0x00000255a3cb6000

Marking Bits (Prev, Next): (CMBitMap*) 0x000002558f7c5730, (CMBitMap*) 0x000002558f7c5770
 Prev Bits: [0x00000255a84b0000, 0x00000255ac3e0000)
 Next Bits: [0x00000255ac3e0000, 0x00000255b0310000)

GC Heap History (0 events):
No events

Deoptimization events (0 events):
No events

Classes unloaded (0 events):
No events

Classes redefined (0 events):
No events

Internal exceptions (0 events):
No events

Events (1 events):
Event: 0.005 Loaded shared library C:\Program Files\Java\jdk-15.0.1\bin\java.dll


Dynamic libraries:
0x00007ff6e2220000 - 0x00007ff6e222f000 	C:\Program Files\Java\jdk-15.0.1\bin\java.exe
0x00007ffe8d930000 - 0x00007ffe8db25000 	C:\WINDOWS\SYSTEM32\ntdll.dll
0x00007ffe8bab0000 - 0x00007ffe8bb6e000 	C:\WINDOWS\System32\KERNEL32.DLL
0x00007ffe8b180000 - 0x00007ffe8b449000 	C:\WINDOWS\System32\KERNELBASE.dll
0x00007ffe8b050000 - 0x00007ffe8b150000 	C:\WINDOWS\System32\ucrtbase.dll
0x00007ffe414f0000 - 0x00007ffe41508000 	C:\Program Files\Java\jdk-15.0.1\bin\jli.dll
0x00007ffe3f700000 - 0x00007ffe3f719000 	C:\Program Files\Java\jdk-15.0.1\bin\VCRUNTIME140.dll
0x00007ffe8ba00000 - 0x00007ffe8baac000 	C:\WINDOWS\System32\ADVAPI32.dll
0x00007ffe8ce80000 - 0x00007ffe8cf1e000 	C:\WINDOWS\System32\msvcrt.dll
0x00007ffe8d3a0000 - 0x00007ffe8d43b000 	C:\WINDOWS\System32\sechost.dll
0x00007ffe8c960000 - 0x00007ffe8ca8a000 	C:\WINDOWS\System32\RPCRT4.dll
0x00007ffe8bc40000 - 0x00007ffe8bde1000 	C:\WINDOWS\System32\USER32.dll
0x00007ffe75ae0000 - 0x00007ffe75d7a000 	C:\WINDOWS\WinSxS\amd64_microsoft.windows.common-controls_6595b64144ccf1df_6.0.19041.1110_none_60b5254171f9507e\COMCTL32.dll
0x00007ffe8b150000 - 0x00007ffe8b172000 	C:\WINDOWS\System32\win32u.dll
0x00007ffe8bfa0000 - 0x00007ffe8bfcb000 	C:\WINDOWS\System32\GDI32.dll
0x00007ffe8b600000 - 0x00007ffe8b70b000 	C:\WINDOWS\System32\gdi32full.dll
0x00007ffe8b450000 - 0x00007ffe8b4ed000 	C:\WINDOWS\System32\msvcp_win.dll
0x00007ffe79070000 - 0x00007ffe7907a000 	C:\WINDOWS\SYSTEM32\VERSION.dll
0x00007ffe8d8c0000 - 0x00007ffe8d8f0000 	C:\WINDOWS\System32\IMM32.DLL
0x00007ffe5c830000 - 0x00007ffe5c83c000 	C:\Program Files\Java\jdk-15.0.1\bin\vcruntime140_1.dll
0x00007ffe14350000 - 0x00007ffe143e1000 	C:\Program Files\Java\jdk-15.0.1\bin\msvcp140.dll
0x00007ffdece60000 - 0x00007ffded9be000 	C:\Program Files\Java\jdk-15.0.1\bin\server\jvm.dll
0x00007ffe8d330000 - 0x00007ffe8d338000 	C:\WINDOWS\System32\PSAPI.DLL
0x00007ffe647b0000 - 0x00007ffe647b9000 	C:\WINDOWS\SYSTEM32\WSOCK32.dll
0x00007ffe85290000 - 0x00007ffe852b7000 	C:\WINDOWS\SYSTEM32\WINMM.dll
0x00007ffe8ce10000 - 0x00007ffe8ce7b000 	C:\WINDOWS\System32\WS2_32.dll
0x00007ffe89890000 - 0x00007ffe898a2000 	C:\WINDOWS\SYSTEM32\kernel.appcore.dll
0x00007ffe58dd0000 - 0x00007ffe58dda000 	C:\Program Files\Java\jdk-15.0.1\bin\jimage.dll
0x00007ffe88be0000 - 0x00007ffe88dc4000 	C:\WINDOWS\SYSTEM32\DBGHELP.DLL
0x00007ffe85260000 - 0x00007ffe8528c000 	C:\WINDOWS\SYSTEM32\dbgcore.DLL
0x00007ffe8b870000 - 0x00007ffe8b8f3000 	C:\WINDOWS\System32\bcryptPrimitives.dll
0x00007ffe29880000 - 0x00007ffe298a5000 	C:\Program Files\Java\jdk-15.0.1\bin\java.dll

dbghelp: loaded successfully - version: 4.0.5 - missing functions: none
symbol engine: initialized successfully - sym options: 0x614 - pdb path: .;C:\Program Files\Java\jdk-15.0.1\bin;C:\WINDOWS\SYSTEM32;C:\WINDOWS\WinSxS\amd64_microsoft.windows.common-controls_6595b64144ccf1df_6.0.19041.1110_none_60b5254171f9507e;C:\Program Files\Java\jdk-15.0.1\bin\server

VM Arguments:
java_command: org.jetbrains.kotlin.cli.jvm.K2JVMCompiler @C:\Users\victor\workspace\react-native\tasks\node_modules\react-native-screens\android\build\20210925_14975738058456023657.compiler.options
java_class_path (initial): C:\Users\victor\.gradle\caches\modules-2\files-2.1\org.jetbrains.kotlin\kotlin-compiler-embeddable\1.5.20\1900e8b9aca0a9caffd45b99b36e3720a0a284f8\kotlin-compiler-embeddable-1.5.20.jar;C:\Users\victor\.gradle\caches\modules-2\files-2.1\org.jetbrains.kotlin\kotlin-reflect\1.5.20\63810951f09a27f7827977f1bc21094042a915e\kotlin-reflect-1.5.20.jar;C:\Users\victor\.gradle\caches\modules-2\files-2.1\org.jetbrains.kotlin\kotlin-stdlib\1.5.20\9de35cc611bcecec8edce1d56d8e659953806751\kotlin-stdlib-1.5.20.jar;C:\Users\victor\.gradle\caches\modules-2\files-2.1\org.jetbrains.kotlin\kotlin-script-runtime\1.5.20\4381bb58d37b84d4d1afe55ec35542dd9b77e101\kotlin-script-runtime-1.5.20.jar;C:\Users\victor\.gradle\caches\modules-2\files-2.1\org.jetbrains.kotlin\kotlin-daemon-embeddable\1.5.20\36c38cda019834dcd2959cc33a12768adcd94256\kotlin-daemon-embeddable-1.5.20.jar;C:\Users\victor\.gradle\caches\modules-2\files-2.1\org.jetbrains.intellij.deps\trove4j\1.0.20181211\216c2e14b070f334479d800987affe4054cd563f\trove4j-1.0.20181211.jar;C:\Users\victor\.gradle\caches\modules-2\files-2.1\org.jetbrains\annotations\13.0\919f0dfe192fb4e063e7dacadee7f8bb9a2672a9\annotations-13.0.jar;C:\Users\victor\.gradle\caches\modules-2\files-2.1\org.jetbrains.kotlin\kotlin-stdlib-common\1.5.20\3d79dbd48bf605f4aac1e7028981a1953e245cbb\kotlin-stdlib-common-1.5.20.jar
Launcher Type: SUN_STANDARD

[Global flags]
     intx CICompilerCount                          = 4                                         {product} {ergonomic}
     uint ConcGCThreads                            = 2                                         {product} {ergonomic}
     uint G1ConcRefinementThreads                  = 8                                         {product} {ergonomic}
   size_t G1HeapRegionSize                         = 2097152                                   {product} {ergonomic}
    uintx GCDrainStackTargetSize                   = 64                                        {product} {ergonomic}
   size_t InitialHeapSize                          = 266338304                                 {product} {ergonomic}
   size_t MarkStackSize                            = 4194304                                   {product} {ergonomic}
   size_t MaxHeapSize                              = 4240441344                                {product} {ergonomic}
   size_t MinHeapDeltaBytes                        = 2097152                                   {product} {ergonomic}
   size_t MinHeapSize                              = 8388608                                   {product} {ergonomic}
    uintx NonNMethodCodeHeapSize                   = 5839372                                {pd product} {ergonomic}
    uintx NonProfiledCodeHeapSize                  = 122909434                              {pd product} {ergonomic}
    uintx ProfiledCodeHeapSize                     = 122909434                              {pd product} {ergonomic}
    uintx ReservedCodeCacheSize                    = 251658240                              {pd product} {ergonomic}
     bool SegmentedCodeCache                       = true                                      {product} {ergonomic}
   size_t SoftMaxHeapSize                          = 4240441344                             {manageable} {ergonomic}
     bool UseCompressedClassPointers               = true                                 {lp64_product} {ergonomic}
     bool UseCompressedOops                        = true                                 {lp64_product} {ergonomic}
     bool UseG1GC                                  = true                                      {product} {ergonomic}
     bool UseLargePagesIndividualAllocation        = false                                  {pd product} {ergonomic}

Logging:
Log output configuration:
 #0: stdout all=warning uptime,level,tags
 #1: stderr all=off uptime,level,tags

Environment Variables:
JAVA_HOME=C:\Program Files\Java\jdk-15.0.1
CLASSPATH=C:\Users\victor\workspace\react-native\tasks\android\\gradle\wrapper\gradle-wrapper.jar
PATH=C:\Users\victor\workspace\react-native\tasks\android\node_modules\.bin;C:\Users\victor\workspace\react-native\tasks\node_modules\.bin;C:\Users\victor\workspace\react-native\node_modules\.bin;C:\Users\victor\workspace\node_modules\.bin;C:\Users\victor\node_modules\.bin;C:\Users\node_modules\.bin;C:\node_modules\.bin;C:\Program Files\nodejs;C:\Users\victor\workspace\react-native\tasks\node_modules\.bin;C:\cmder\vendor\bin;C:\cmder\vendor\git-for-windows\cmd;C:\cmder\vendor\conemu-maximus5\ConEmu\Scripts;C:\cmder\vendor\conemu-maximus5;C:\cmder\vendor\conemu-maximus5\ConEmu;C:\Program Files\Common Files\Oracle\Java\javapath;C:\Windows\system32;C:\Windows;C:\Windows\System32\Wbem;C:\Windows\System32\WindowsPowerShell\v1.0\;C:\Windows\System32\OpenSSH\;C:\Program Files (x86)\NVIDIA Corporation\PhysX\Common;C:\Program Files\NVIDIA Corporation\NVIDIA NvDLISR;C:\Program Files\Git\cmd;C:\Program Files\Microsoft VS Code\bin;C:\WINDOWS\system32;C:\WINDOWS;C:\WINDOWS\System32\Wbem;C:\WINDOWS\System32\WindowsPowerShell\v1.0\;C:\WINDOWS\System32\OpenSSH\;C:\Program Files\Java\jdk-15.0.1\bin;C:\Users\victor\AppData\Local\Android\Sdk\platform-tools;C:\Users\victor\AppData\Local\Android\Sdk\tools;C:\Users\victor\AppData\Local\Android\Sdk\tools\lib;C:\Users\victor\AppData\Local\Android\Sdk\tools\bin;C:\Ruby26-x64\bin;C:\Users\Usuario\AppData\Local\Microsoft\WindowsApps;C:\Users\victor\AppData\Roaming\npm\node_modules;C:\Users\victor\AppData\Roaming\nvm;C:\Program Files\nodejs;C:\Program Files\dotnet\;C:\Program Files\LOVE;C:\Users\victor\AppData\Local\Programs\Python\Python39\Scripts\;C:\Users\victor\AppData\Local\Programs\Python\Python39\;C:\Users\victor\AppData\Local\Microsoft\WindowsApps;C:\Users\victor\.dotnet\tools;C:\Users\victor\.dotnet\tools;C:\Program Files\PostgreSQL\13\lib;C:\Program Files\PostgreSQL\13\bin
USERNAME=victor
OS=Windows_NT
PROCESSOR_IDENTIFIER=Intel64 Family 6 Model 142 Stepping 12, GenuineIntel



---------------  S Y S T E M  ---------------

OS:
 Windows 10 , 64 bit Build 19041 (10.0.19041.1202)
OS uptime: 2 days 1:59 hours
HyperV virtualization detected

CPU: total 8 (initial active 8) (4 cores per cpu, 2 threads per core) family 6 model 142 stepping 12 microcode 0xde, cmov, cx8, fxsr, mmx, sse, sse2, sse3, ssse3, sse4.1, sse4.2, popcnt, vzeroupper, avx, avx2, aes, clmul, erms, 3dnowpref, lzcnt, ht, tsc, tscinvbit, bmi1, bmi2, adx, fma, clflush, clflushopt

Memory: 4k page, system-wide physical 16168M (1202M free)
TotalPageFile size 16168M (AvailPageFile size 88M)
current process WorkingSet (physical memory assigned to process): 10M, peak: 10M
current process commit charge ("private bytes"): 60M, peak: 314M

vm_info: Java HotSpot(TM) 64-Bit Server VM (15.0.1+9-18) for windows-amd64 JRE (15.0.1+9-18), built on Sep 15 2020 14:43:54 by "mach5one" with unknown MS VC++:1925

END.
